
  .   ____          _            __ _ _
 /\\ / ___'_ __ _ _(_)_ __  __ _ \ \ \ \
( ( )\___ | '_ | '_| | '_ \/ _` | \ \ \ \
 \\/  ___)| |_)| | | | | || (_| |  ) ) ) )
  '  |____| .__|_| |_|_| |_\__, | / / / /
 =========|_|==============|___/=/_/_/_/

 :: Spring Boot ::                (v3.3.4)

2024-10-01T10:40:16.070+09:00  INFO 7370 --- [SpringApp] [           main] com.ce.fisa.SpringAppApplication         : Starting SpringAppApplication v0.0.1-SNAPSHOT using Java 17.0.12 with PID 7370 (/home/username/appjardir/SpringApp-0.0.1-SNAPSHOT.jar started by username in /home/username/appjardir)
2024-10-01T10:40:16.077+09:00  INFO 7370 --- [SpringApp] [           main] com.ce.fisa.SpringAppApplication         : No active profile set, falling back to 1 default profile: "default"
2024-10-01T10:40:17.194+09:00  INFO 7370 --- [SpringApp] [           main] o.s.b.w.embedded.tomcat.TomcatWebServer  : Tomcat initialized with port 8899 (http)
2024-10-01T10:40:17.209+09:00  INFO 7370 --- [SpringApp] [           main] o.apache.catalina.core.StandardService   : Starting service [Tomcat]
2024-10-01T10:40:17.209+09:00  INFO 7370 --- [SpringApp] [           main] o.apache.catalina.core.StandardEngine    : Starting Servlet engine: [Apache Tomcat/10.1.30]
2024-10-01T10:40:17.262+09:00  INFO 7370 --- [SpringApp] [           main] o.a.c.c.C.[Tomcat].[localhost].[/]       : Initializing Spring embedded WebApplicationContext
2024-10-01T10:40:17.263+09:00  INFO 7370 --- [SpringApp] [           main] w.s.c.ServletWebServerApplicationContext : Root WebApplicationContext: initialization completed in 1078 ms
2024-10-01T10:40:17.727+09:00  INFO 7370 --- [SpringApp] [           main] o.s.b.w.embedded.tomcat.TomcatWebServer  : Tomcat started on port 8899 (http) with context path '/'
2024-10-01T10:40:17.758+09:00  INFO 7370 --- [SpringApp] [           main] com.ce.fisa.SpringAppApplication         : Started SpringAppApplication in 2.222 seconds (process running for 2.906)
2024-10-01T10:40:20.078+09:00  INFO 7370 --- [SpringApp] [nio-8899-exec-1] o.a.c.c.C.[Tomcat].[localhost].[/]       : Initializing Spring DispatcherServlet 'dispatcherServlet'
2024-10-01T10:40:20.079+09:00  INFO 7370 --- [SpringApp] [nio-8899-exec-1] o.s.web.servlet.DispatcherServlet        : Initializing Servlet 'dispatcherServlet'
2024-10-01T10:40:20.081+09:00  INFO 7370 --- [SpringApp] [nio-8899-exec-1] o.s.web.servlet.DispatcherServlet        : Completed initialization in 2 ms
2024-10-01T10:40:20.110+09:00  INFO 7370 --- [SpringApp] [nio-8899-exec-1] c.ce.fisa.controller.ProcessController   : 요청 수락 ~~~
